[20:56:35] [ServerMain/INFO]: Building unoptimized datafixer
[20:56:37] [ServerMain/INFO]: Environment: authHost='https://authserver.mojang.com', accountsHost='https://api.mojang.com', sessionHost='https://sessionserver.mojang.com', servicesHost='https://api.minecraftservices.com', name='PROD'
[20:56:37] [ServerMain/INFO]: Found new data pack file/bukkit, loading it automatically
[20:56:39] [ServerMain/INFO]: Loaded 7 recipes
[20:56:42] [Server thread/INFO]: Starting minecraft server version 1.19
[20:56:42] [Server thread/INFO]: Loading properties
[20:56:42] [Server thread/INFO]: This server is running Paper version git-Paper-81 (MC: 1.19) (Implementing API version 1.19-R0.1-SNAPSHOT) (Git: 86f87ba)
[20:56:42] [Server thread/INFO]: Server Ping Player Sample Count: 12
[20:56:42] [Server thread/INFO]: Using 4 threads for Netty based IO
[20:56:43] [Server thread/INFO]: Default game type: SURVIVAL
[20:56:43] [Server thread/INFO]: Generating keypair
[20:56:43] [Server thread/INFO]: Starting Minecraft server on *:25565
[20:56:43] [Server thread/INFO]: Using epoll channel type
[20:56:43] [Server thread/INFO]: Paper: Using libdeflate (Linux x86_64) compression from Velocity.
[20:56:43] [Server thread/INFO]: Paper: Using OpenSSL 1.1.x (Linux x86_64) cipher from Velocity.
[20:56:44] [Server thread/INFO]: [ViaVersion] Loading ViaVersion v4.9.3
[20:56:44] [Server thread/INFO]: [ViaVersion] ViaVersion 4.9.3 is now loaded. Registering protocol transformers and injecting...
[20:56:45] [Via-Mappingloader-0/INFO]: [ViaVersion] Loading block connection mappings ...
[20:56:45] [Server thread/INFO]: [ViaBackwards] Loading translations...
[20:56:45] [Server thread/INFO]: [ViaBackwards] Registering protocols...
[20:56:45] [Via-Mappingloader-0/INFO]: [ViaVersion] Using FastUtil Long2ObjectOpenHashMap for block connections
[20:56:46] [Server thread/INFO]: [ViaBackwards] Loading ViaBackwards v4.9.2
[20:56:46] [Server thread/INFO]: [ProtocolLib] Loading ProtocolLib v5.1.0
[20:56:47] [Server thread/INFO]: [ViaRewind] Loading ViaRewind v3.0.6
[20:56:47] [Server thread/INFO]: Server permissions file permissions.yml is empty, ignoring it
[20:56:47] [Server thread/INFO]: [ProtocolLib] Enabling ProtocolLib v5.1.0
[20:56:47] [Server thread/INFO]: [ViaRewind] Enabling ViaRewind v3.0.6
[20:56:47] [Server thread/WARN]: **** SERVER IS RUNNING IN OFFLINE/INSECURE MODE!
[20:56:47] [Server thread/WARN]: The server will make no attempt to authenticate usernames. Beware.
[20:56:47] [Server thread/WARN]: Whilst this makes it possible to use BungeeCord, unless access to your server is properly restricted, it also opens up the ability for hackers to connect with any username they choose.
[20:56:47] [Server thread/WARN]: Please see http://www.spigotmc.org/wiki/firewall-guide/ for further information.
[20:56:47] [Server thread/WARN]: To change this, set "online-mode" to "true" in the server.properties file.
[20:56:47] [Server thread/INFO]: Preparing level "world"
[20:56:47] [Server thread/INFO]: -------- World Settings For [world] --------
[20:56:47] [Server thread/INFO]: View Distance: 10
[20:56:47] [Server thread/INFO]: Simulation Distance: 10
[20:56:47] [Server thread/INFO]: Allow Zombie Pigmen to spawn from portal blocks: true
[20:56:47] [Server thread/INFO]: Item Merge Radius: 2.5
[20:56:47] [Server thread/INFO]: Item Despawn Rate: 6000
[20:56:47] [Server thread/INFO]: Arrow Despawn Rate: 1200 Trident Respawn Rate:1200
[20:56:47] [Server thread/INFO]: Zombie Aggressive Towards Villager: true
[20:56:47] [Server thread/INFO]: Nerfing mobs spawned from spawners: false
[20:56:47] [Server thread/INFO]: Mob Spawn Range: 4
[20:56:47] [Server thread/INFO]: Experience Merge Radius: 3.0
[20:56:47] [Server thread/INFO]: Cactus Growth Modifier: 100%
[20:56:47] [Server thread/INFO]: Cane Growth Modifier: 100%
[20:56:47] [Server thread/INFO]: Melon Growth Modifier: 100%
[20:56:47] [Server thread/INFO]: Mushroom Growth Modifier: 100%
[20:56:47] [Server thread/INFO]: Pumpkin Growth Modifier: 100%
[20:56:47] [Server thread/INFO]: Sapling Growth Modifier: 100%
[20:56:47] [Server thread/INFO]: Beetroot Growth Modifier: 100%
[20:56:47] [Server thread/INFO]: Carrot Growth Modifier: 100%
[20:56:47] [Server thread/INFO]: Potato Growth Modifier: 100%
[20:56:47] [Server thread/INFO]: Wheat Growth Modifier: 100%
[20:56:47] [Server thread/INFO]: NetherWart Growth Modifier: 100%
[20:56:47] [Server thread/INFO]: Vine Growth Modifier: 100%
[20:56:47] [Server thread/INFO]: Cocoa Growth Modifier: 100%
[20:56:47] [Server thread/INFO]: Bamboo Growth Modifier: 100%
[20:56:47] [Server thread/INFO]: SweetBerry Growth Modifier: 100%
[20:56:47] [Server thread/INFO]: Kelp Growth Modifier: 100%
[20:56:47] [Server thread/INFO]: TwistingVines Growth Modifier: 100%
[20:56:47] [Server thread/INFO]: WeepingVines Growth Modifier: 100%
[20:56:47] [Server thread/INFO]: CaveVines Growth Modifier: 100%
[20:56:47] [Server thread/INFO]: GlowBerry Growth Modifier: 100%
[20:56:47] [Server thread/INFO]: Entity Activation Range: An 32 / Mo 32 / Ra 48 / Mi 16 / Tiv true / Isa false
[20:56:47] [Server thread/INFO]: Entity Tracking Range: Pl 48 / An 48 / Mo 48 / Mi 32 / Other 64
[20:56:47] [Server thread/INFO]: Hopper Transfer: 8 Hopper Check: 1 Hopper Amount: 1 Hopper Can Load Chunks: false
[20:56:47] [Server thread/INFO]: Custom Map Seeds:  Village: 10387312 Desert: 14357617 Igloo: 14357618 Jungle: 14357619 Swamp: 14357620 Monument: 10387313 Ocean: 14357621 Shipwreck: 165745295 End City: 10387313 Slime: 987234911 Nether: 30084232 Mansion: 10387319 Fossil: 14357921 Portal: 34222645
[20:56:47] [Server thread/INFO]: Max TNT Explosions: 100
[20:56:47] [Server thread/INFO]: Tile Max Tick Time: 50ms Entity max Tick Time: 50ms
[20:57:06] [Server thread/INFO]: -------- World Settings For [world_nether] --------
[20:57:06] [Server thread/INFO]: View Distance: 10
[20:57:06] [Server thread/INFO]: Simulation Distance: 10
[20:57:06] [Server thread/INFO]: Allow Zombie Pigmen to spawn from portal blocks: true
[20:57:06] [Server thread/INFO]: Item Merge Radius: 2.5
[20:57:06] [Server thread/INFO]: Item Despawn Rate: 6000
[20:57:06] [Server thread/INFO]: Arrow Despawn Rate: 1200 Trident Respawn Rate:1200
[20:57:06] [Server thread/INFO]: Zombie Aggressive Towards Villager: true
[20:57:06] [Server thread/INFO]: Nerfing mobs spawned from spawners: false
[20:57:06] [Server thread/INFO]: Mob Spawn Range: 4
[20:57:06] [Server thread/INFO]: Experience Merge Radius: 3.0
[20:57:06] [Server thread/INFO]: Cactus Growth Modifier: 100%
[20:57:06] [Server thread/INFO]: Cane Growth Modifier: 100%
[20:57:06] [Server thread/INFO]: Melon Growth Modifier: 100%
[20:57:06] [Server thread/INFO]: Mushroom Growth Modifier: 100%
[20:57:06] [Server thread/INFO]: Pumpkin Growth Modifier: 100%
[20:57:06] [Server thread/INFO]: Sapling Growth Modifier: 100%
[20:57:06] [Server thread/INFO]: Beetroot Growth Modifier: 100%
[20:57:06] [Server thread/INFO]: Carrot Growth Modifier: 100%
[20:57:06] [Server thread/INFO]: Potato Growth Modifier: 100%
[20:57:06] [Server thread/INFO]: Wheat Growth Modifier: 100%
[20:57:06] [Server thread/INFO]: NetherWart Growth Modifier: 100%
[20:57:06] [Server thread/INFO]: Vine Growth Modifier: 100%
[20:57:06] [Server thread/INFO]: Cocoa Growth Modifier: 100%
[20:57:06] [Server thread/INFO]: Bamboo Growth Modifier: 100%
[20:57:06] [Server thread/INFO]: SweetBerry Growth Modifier: 100%
[20:57:06] [Server thread/INFO]: Kelp Growth Modifier: 100%
[20:57:06] [Server thread/INFO]: TwistingVines Growth Modifier: 100%
[20:57:06] [Server thread/INFO]: WeepingVines Growth Modifier: 100%
[20:57:06] [Server thread/INFO]: CaveVines Growth Modifier: 100%
[20:57:06] [Server thread/INFO]: GlowBerry Growth Modifier: 100%
[20:57:06] [Server thread/INFO]: Entity Activation Range: An 32 / Mo 32 / Ra 48 / Mi 16 / Tiv true / Isa false
[20:57:06] [Server thread/INFO]: Entity Tracking Range: Pl 48 / An 48 / Mo 48 / Mi 32 / Other 64
[20:57:06] [Server thread/INFO]: Hopper Transfer: 8 Hopper Check: 1 Hopper Amount: 1 Hopper Can Load Chunks: false
[20:57:06] [Server thread/INFO]: Custom Map Seeds:  Village: 10387312 Desert: 14357617 Igloo: 14357618 Jungle: 14357619 Swamp: 14357620 Monument: 10387313 Ocean: 14357621 Shipwreck: 165745295 End City: 10387313 Slime: 987234911 Nether: 30084232 Mansion: 10387319 Fossil: 14357921 Portal: 34222645
[20:57:06] [Server thread/INFO]: Max TNT Explosions: 100
[20:57:06] [Server thread/INFO]: Tile Max Tick Time: 50ms Entity max Tick Time: 50ms
[20:57:08] [Server thread/INFO]: -------- World Settings For [world_the_end] --------
[20:57:08] [Server thread/INFO]: View Distance: 10
[20:57:08] [Server thread/INFO]: Simulation Distance: 10
[20:57:08] [Server thread/INFO]: Allow Zombie Pigmen to spawn from portal blocks: true
[20:57:08] [Server thread/INFO]: Item Merge Radius: 2.5
[20:57:08] [Server thread/INFO]: Item Despawn Rate: 6000
[20:57:08] [Server thread/INFO]: Arrow Despawn Rate: 1200 Trident Respawn Rate:1200
[20:57:08] [Server thread/INFO]: Zombie Aggressive Towards Villager: true
[20:57:08] [Server thread/INFO]: Nerfing mobs spawned from spawners: false
[20:57:08] [Server thread/INFO]: Mob Spawn Range: 4
[20:57:08] [Server thread/INFO]: Experience Merge Radius: 3.0
[20:57:08] [Server thread/INFO]: Cactus Growth Modifier: 100%
[20:57:08] [Server thread/INFO]: Cane Growth Modifier: 100%
[20:57:08] [Server thread/INFO]: Melon Growth Modifier: 100%
[20:57:08] [Server thread/INFO]: Mushroom Growth Modifier: 100%
[20:57:08] [Server thread/INFO]: Pumpkin Growth Modifier: 100%
[20:57:08] [Server thread/INFO]: Sapling Growth Modifier: 100%
[20:57:08] [Server thread/INFO]: Beetroot Growth Modifier: 100%
[20:57:08] [Server thread/INFO]: Carrot Growth Modifier: 100%
[20:57:08] [Server thread/INFO]: Potato Growth Modifier: 100%
[20:57:08] [Server thread/INFO]: Wheat Growth Modifier: 100%
[20:57:08] [Server thread/INFO]: NetherWart Growth Modifier: 100%
[20:57:08] [Server thread/INFO]: Vine Growth Modifier: 100%
[20:57:08] [Server thread/INFO]: Cocoa Growth Modifier: 100%
[20:57:08] [Server thread/INFO]: Bamboo Growth Modifier: 100%
[20:57:08] [Server thread/INFO]: SweetBerry Growth Modifier: 100%
[20:57:08] [Server thread/INFO]: Kelp Growth Modifier: 100%
[20:57:08] [Server thread/INFO]: TwistingVines Growth Modifier: 100%
[20:57:08] [Server thread/INFO]: WeepingVines Growth Modifier: 100%
[20:57:08] [Server thread/INFO]: CaveVines Growth Modifier: 100%
[20:57:08] [Server thread/INFO]: GlowBerry Growth Modifier: 100%
[20:57:08] [Server thread/INFO]: Entity Activation Range: An 32 / Mo 32 / Ra 48 / Mi 16 / Tiv true / Isa false
[20:57:08] [Server thread/INFO]: Entity Tracking Range: Pl 48 / An 48 / Mo 48 / Mi 32 / Other 64
[20:57:08] [Server thread/INFO]: Hopper Transfer: 8 Hopper Check: 1 Hopper Amount: 1 Hopper Can Load Chunks: false
[20:57:08] [Server thread/INFO]: Custom Map Seeds:  Village: 10387312 Desert: 14357617 Igloo: 14357618 Jungle: 14357619 Swamp: 14357620 Monument: 10387313 Ocean: 14357621 Shipwreck: 165745295 End City: 10387313 Slime: 987234911 Nether: 30084232 Mansion: 10387319 Fossil: 14357921 Portal: 34222645
[20:57:08] [Server thread/INFO]: Max TNT Explosions: 100
[20:57:08] [Server thread/INFO]: Tile Max Tick Time: 50ms Entity max Tick Time: 50ms
[20:57:09] [Server thread/INFO]: Preparing start region for dimension minecraft:overworld
[20:57:09] [Worker-Main-1/INFO]: Preparing spawn area: 0%
[20:57:09] [Server thread/INFO]: Time elapsed: 790 ms
[20:57:09] [Server thread/INFO]: Preparing start region for dimension minecraft:the_nether
[20:57:10] [Server thread/INFO]: Time elapsed: 605 ms
[20:57:10] [Server thread/INFO]: Preparing start region for dimension minecraft:the_end
[20:57:11] [Server thread/INFO]: Time elapsed: 527 ms
[20:57:11] [Server thread/INFO]: [ViaVersion] Enabling ViaVersion v4.9.3
[20:57:11] [Server thread/INFO]: [ViaVersion] ViaVersion detected server version: 1.19 (759)
[20:57:11] [Server thread/INFO]: [ViaBackwards] Enabling ViaBackwards v4.9.2
[20:57:11] [Server thread/INFO]: Running delayed init tasks
[20:57:11] [Server thread/INFO]: Done (29.489s)! For help, type "help"
[20:57:11] [Server thread/INFO]: Timings Reset
[20:57:11] [Craft Scheduler Thread - 2 - ViaVersion/INFO]: [ViaVersion] Finished mapping loading, shutting down loader executor!
[20:57:12] [Server thread/INFO]: [ProtocolLib] The updater found an update: 5.2.0 (Running 5.1.0). Download at https://www.spigotmc.org/resources/protocollib.1997/
[20:58:13] [User Authenticator #1/INFO]: UUID of player ThunderGod12650 is 81488dc6-9079-358e-8f47-3eb037efad7d
[20:58:13] [Server thread/INFO]: ThunderGod12650 joined the game
[20:58:13] [Netty Epoll Server IO #2/WARN]: [ViaBackwards] Custom worlds heights are NOT SUPPORTED for 1.16 players and older and may lead to errors!
[20:58:13] [Netty Epoll Server IO #2/WARN]: [ViaBackwards] You have min/max set to -64/256
[20:58:13] [Server thread/INFO]: ThunderGod12650[/[0:0:0:0:0:0:0:1]:46764] logged in with entity id 292 at ([world]4.5, 71.0, 10.5)
[20:58:14] [Netty Epoll Server IO #2/WARN]: [ViaBackwards] Ignoring plugin channel in incoming REGISTER: EAG|UpdateCert-1.8
[20:58:14] [Netty Epoll Server IO #2/WARN]: [ViaBackwards] Ignoring plugin channel in incoming REGISTER: FML
[20:58:14] [Netty Epoll Server IO #2/WARN]: [ViaBackwards] Ignoring plugin channel in incoming REGISTER: EAG|Skins-1.8
[20:58:14] [Netty Epoll Server IO #2/WARN]: [ViaBackwards] Ignoring plugin channel in incoming REGISTER: FORGE
[20:58:20] [Server thread/INFO]: ThunderGod12650 issued server command: /login ryaniscool
[20:58:40] [Server thread/INFO]: ThunderGod12650 issued server command: /help
[20:58:46] [Server thread/INFO]: ThunderGod12650 issued server command: /plugin
[20:58:47] [Server thread/INFO]: ThunderGod12650 issued server command: /plugins
[20:58:51] [Server thread/INFO]: ThunderGod12650 issued server command: /rtp
[20:58:53] [Server thread/INFO]: ThunderGod12650 issued server command: /back
[20:58:57] [Server thread/INFO]: ThunderGod12650 issued server command: /help
[20:59:05] [Server thread/INFO]: ThunderGod12650 issued server command: /minecraft:help
[21:01:54] [Server thread/INFO]: ThunderGod12650 lost connection: Disconnected
[21:01:54] [Server thread/INFO]: ThunderGod12650 left the game
